<?xml version="1.0" encoding="UTF-8"?>
<!-- Generated by org.testng.reporters.JUnitReportReporter -->
<testsuite hostname="DIN56001887" name="dayanand.TestNGAnnotations" tests="2" failures="0" timestamp="16 Feb 2018 06:56:29 GMT" time="0.000" errors="0">
  <testcase name="testCase2" time="0.000" classname="dayanand.TestNGAnnotations"/>
  <testcase name="testCase1" time="0.000" classname="dayanand.TestNGAnnotations"/>
</testsuite> <!-- dayanand.TestNGAnnotations -->
