<?xml version="1.0" encoding="UTF-8"?>
<!-- Generated by org.testng.reporters.JUnitReportReporter -->
<testsuite hostname="DIN56001887" name="dayanand.remote" tests="1" failures="0" timestamp="16 Feb 2018 12:26:19 GMT" time="0.781" errors="0">
  <testcase name="simpletest" time="0.781" classname="dayanand.remote"/>
</testsuite> <!-- dayanand.remote -->
