<?xml version="1.0" encoding="UTF-8"?>
<!-- Generated by org.testng.reporters.JUnitReportReporter -->
<testsuite hostname="DIN56001887" name="dayanand.PriorityTesting" tests="3" failures="0" timestamp="16 Feb 2018 07:17:30 GMT" time="0.000" errors="0">
  <testcase name="Registration" time="0.000" classname="dayanand.PriorityTesting"/>
  <testcase name="AllSend" time="0.000" classname="dayanand.PriorityTesting"/>
  <testcase name="Login" time="0.000" classname="dayanand.PriorityTesting"/>
</testsuite> <!-- dayanand.PriorityTesting -->
