<?xml version="1.0" encoding="UTF-8"?>
<!-- Generated by org.testng.reporters.JUnitReportReporter -->
<testsuite hostname="DIN56001887" name="dayanand.TestNG" tests="1" failures="0" timestamp="16 Feb 2018 06:29:16 GMT" time="0.015" errors="0">
  <testcase name="testCheck" time="0.015" classname="dayanand.TestNG"/>
</testsuite> <!-- dayanand.TestNG -->
